

============================== 2024-05-25 20:11:22.689499 | 8d7d8540-bfdc-4398-87cd-d26fbe27ef32 ==============================
20:11:22.689513 [info ] [MainThread]: Running with dbt=1.1.1
20:11:22.689939 [debug] [MainThread]: running dbt with arguments {'write_json': True, 'use_colors': True, 'printer_width': 80, 'version_check': True, 'partial_parse': True, 'static_parser': True, 'profiles_dir': '/Users/michaelmarquez/.dbt', 'send_anonymous_usage_stats': True, 'event_buffer_size': 100000, 'quiet': False, 'no_print': False, 'config_dir': False, 'which': 'debug', 'indirect_selection': 'eager'}
20:11:22.690143 [debug] [MainThread]: Tracking: tracking
20:11:22.718627 [debug] [MainThread]: Sending event: {'category': 'dbt', 'action': 'invocation', 'label': 'start', 'context': [<snowplow_tracker.self_describing_json.SelfDescribingJson object at 0x105280850>, <snowplow_tracker.self_describing_json.SelfDescribingJson object at 0x1052807c0>, <snowplow_tracker.self_describing_json.SelfDescribingJson object at 0x1052806a0>]}
20:11:22.721240 [debug] [MainThread]: Executing "git --help"
20:11:22.732590 [debug] [MainThread]: STDOUT: "b"usage: git [--version] [--help] [-C <path>] [-c name=value]\n           [--exec-path[=<path>]] [--html-path] [--man-path] [--info-path]\n           [-p | --paginate | --no-pager] [--no-replace-objects] [--bare]\n           [--git-dir=<path>] [--work-tree=<path>] [--namespace=<name>]\n           <command> [<args>]\n\nThese are common Git commands used in various situations:\n\nstart a working area (see also: git help tutorial)\n   clone      Clone a repository into a new directory\n   init       Create an empty Git repository or reinitialize an existing one\n\nwork on the current change (see also: git help everyday)\n   add        Add file contents to the index\n   mv         Move or rename a file, a directory, or a symlink\n   reset      Reset current HEAD to the specified state\n   rm         Remove files from the working tree and from the index\n\nexamine the history and state (see also: git help revisions)\n   bisect     Use binary search to find the commit that introduced a bug\n   grep       Print lines matching a pattern\n   log        Show commit logs\n   show       Show various types of objects\n   status     Show the working tree status\n\ngrow, mark and tweak your common history\n   branch     List, create, or delete branches\n   checkout   Switch branches or restore working tree files\n   commit     Record changes to the repository\n   diff       Show changes between commits, commit and working tree, etc\n   merge      Join two or more development histories together\n   rebase     Reapply commits on top of another base tip\n   tag        Create, list, delete or verify a tag object signed with GPG\n\ncollaborate (see also: git help workflows)\n   fetch      Download objects and refs from another repository\n   pull       Fetch from and integrate with another repository or a local branch\n   push       Update remote refs along with associated objects\n\n'git help -a' and 'git help -g' list available subcommands and some\nconcept guides. See 'git help <command>' or 'git help <concept>'\nto read about a specific subcommand or concept.\n""
20:11:22.733693 [debug] [MainThread]: STDERR: "b''"
20:11:22.734544 [debug] [MainThread]: Sending event: {'category': 'dbt', 'action': 'invocation', 'label': 'end', 'context': [<snowplow_tracker.self_describing_json.SelfDescribingJson object at 0x1052807c0>, <snowplow_tracker.self_describing_json.SelfDescribingJson object at 0x105280340>, <snowplow_tracker.self_describing_json.SelfDescribingJson object at 0x1052803d0>]}
[0m23:00:38.537502 [debug] [MainThread]: Sending event: {'category': 'dbt', 'action': 'invocation', 'label': 'start', 'context': [<snowplow_tracker.self_describing_json.SelfDescribingJson object at 0x000001A29977B080>, <snowplow_tracker.self_describing_json.SelfDescribingJson object at 0x000001A299162F60>, <snowplow_tracker.self_describing_json.SelfDescribingJson object at 0x000001A299778B00>]}


============================== 23:00:38.549565 | cab5ac6f-5c87-4dfd-9e80-15f2706d0d53 ==============================
[0m23:00:38.549565 [info ] [MainThread]: Running with dbt=1.7.16
[0m23:00:38.550583 [debug] [MainThread]: running dbt with arguments {'printer_width': '80', 'indirect_selection': 'eager', 'log_cache_events': 'False', 'write_json': 'True', 'partial_parse': 'True', 'cache_selected_only': 'False', 'profiles_dir': 'C:\\Users\\chris.taulbee\\.dbt', 'version_check': 'True', 'debug': 'False', 'log_path': 'logs', 'warn_error': 'None', 'fail_fast': 'False', 'use_colors': 'True', 'use_experimental_parser': 'False', 'no_print': 'None', 'quiet': 'False', 'log_format': 'default', 'introspect': 'True', 'static_parser': 'True', 'invocation_command': 'dbt debug', 'target_path': 'None', 'warn_error_options': 'WarnErrorOptions(include=[], exclude=[])', 'send_anonymous_usage_stats': 'True'}
[0m23:00:38.551581 [info ] [MainThread]: dbt version: 1.7.16
[0m23:00:38.553153 [info ] [MainThread]: python version: 3.12.4
[0m23:00:38.555176 [info ] [MainThread]: python path: C:\Users\chris.taulbee\OneDrive - Okland Construction Inc\Documents\GitHub\airflow-dbt-project\myenv\Scripts\python.exe
[0m23:00:38.558125 [info ] [MainThread]: os info: Windows-11-10.0.22631-SP0
[0m23:00:38.559665 [info ] [MainThread]: Using profiles dir at C:\Users\chris.taulbee\.dbt
[0m23:00:38.561704 [info ] [MainThread]: Using profiles.yml file at C:\Users\chris.taulbee\.dbt\profiles.yml
[0m23:00:38.562683 [info ] [MainThread]: Using dbt_project.yml file at C:\Users\chris.taulbee\OneDrive - Okland Construction Inc\Documents\GitHub\airflow-dbt-project\dbt_project.yml
[0m23:00:38.564201 [info ] [MainThread]: Configuration:
[0m23:00:38.565222 [info ] [MainThread]:   profiles.yml file [[31mERROR not found[0m]
[0m23:00:38.566216 [info ] [MainThread]:   dbt_project.yml file [[31mERROR not found[0m]
[0m23:00:38.568210 [info ] [MainThread]: Required dependencies:
[0m23:00:38.569732 [debug] [MainThread]: Executing "git --help"
[0m23:00:38.680378 [debug] [MainThread]: STDOUT: "b"usage: git [-v | --version] [-h | --help] [-C <path>] [-c <name>=<value>]\n           [--exec-path[=<path>]] [--html-path] [--man-path] [--info-path]\n           [-p | --paginate | -P | --no-pager] [--no-replace-objects] [--bare]\n           [--git-dir=<path>] [--work-tree=<path>] [--namespace=<name>]\n           [--config-env=<name>=<envvar>] <command> [<args>]\n\nThese are common Git commands used in various situations:\n\nstart a working area (see also: git help tutorial)\n   clone     Clone a repository into a new directory\n   init      Create an empty Git repository or reinitialize an existing one\n\nwork on the current change (see also: git help everyday)\n   add       Add file contents to the index\n   mv        Move or rename a file, a directory, or a symlink\n   restore   Restore working tree files\n   rm        Remove files from the working tree and from the index\n\nexamine the history and state (see also: git help revisions)\n   bisect    Use binary search to find the commit that introduced a bug\n   diff      Show changes between commits, commit and working tree, etc\n   grep      Print lines matching a pattern\n   log       Show commit logs\n   show      Show various types of objects\n   status    Show the working tree status\n\ngrow, mark and tweak your common history\n   branch    List, create, or delete branches\n   commit    Record changes to the repository\n   merge     Join two or more development histories together\n   rebase    Reapply commits on top of another base tip\n   reset     Reset current HEAD to the specified state\n   switch    Switch branches\n   tag       Create, list, delete or verify a tag object signed with GPG\n\ncollaborate (see also: git help workflows)\n   fetch     Download objects and refs from another repository\n   pull      Fetch from and integrate with another repository or a local branch\n   push      Update remote refs along with associated objects\n\n'git help -a' and 'git help -g' list available subcommands and some\nconcept guides. See 'git help <command>' or 'git help <concept>'\nto read about a specific subcommand or concept.\nSee 'git help git' for an overview of the system.\n""
[0m23:00:38.681373 [debug] [MainThread]: STDERR: "b''"
[0m23:00:38.681373 [info ] [MainThread]:  - git [[32mOK found[0m]

[0m23:00:38.682376 [info ] [MainThread]: Connection test skipped since no profile was found
[0m23:00:38.683375 [info ] [MainThread]: [31m2 checks failed:[0m
[0m23:00:38.684374 [info ] [MainThread]: dbt looked for a profiles.yml file in C:\Users\chris.taulbee\.dbt\profiles.yml, but did
not find one. For more information on configuring your profile, consult the
documentation:

https://docs.getdbt.com/docs/configure-your-profile


[0m23:00:38.684374 [info ] [MainThread]: Project loading failed for the following reason:
 project path <C:\Users\chris.taulbee\OneDrive - Okland Construction Inc\Documents\GitHub\airflow-dbt-project\dbt_project.yml> not found

[0m23:00:38.686895 [debug] [MainThread]: Command `dbt debug` failed at 23:00:38.686895 after 0.33 seconds
[0m23:00:38.687896 [debug] [MainThread]: Sending event: {'category': 'dbt', 'action': 'invocation', 'label': 'end', 'context': [<snowplow_tracker.self_describing_json.SelfDescribingJson object at 0x000001A299162F60>, <snowplow_tracker.self_describing_json.SelfDescribingJson object at 0x000001A2990ECBF0>, <snowplow_tracker.self_describing_json.SelfDescribingJson object at 0x000001A299679970>]}
[0m23:00:38.687896 [debug] [MainThread]: Flushing usage events
